# JRE version: OpenJDK Runtime Environment (8.0_242-b01) (build 1.8.0_242-release-1644-b01)
# Java VM: OpenJDK 64-Bit Server VM (25.242-b01 mixed mode windows-amd64 compressed oops)
Heap:
 PSYoungGen      total 346112K, used 160178K [0x00000000d5580000, 0x00000000ee280000, 0x0000000100000000)
  eden space 312832K, 42% used [0x00000000d5580000,0x00000000dd820120,0x00000000e8700000)
  from space 33280K, 79% used [0x00000000eaa00000,0x00000000ec3cc760,0x00000000eca80000)
  to   space 35840K, 0% used [0x00000000e8700000,0x00000000e8700000,0x00000000eaa00000)
 ParOldGen       total 147968K, used 53206K [0x0000000080000000, 0x0000000089080000, 0x00000000d5580000)
  object space 147968K, 35% used [0x0000000080000000,0x00000000833f5ab8,0x0000000089080000)
 Metaspace       used 101478K, capacity 107274K, committed 107304K, reserved 1142784K
  class space    used 13294K, capacity 14374K, committed 14376K, reserved 1048576K
GC Heap History (10 events):
Event: 1072.887 GC heap before
{Heap before GC invocations=18 (full 3):
 PSYoungGen      total 384512K, used 383080K [0x00000000d5580000, 0x00000000ef200000, 0x0000000100000000)
  eden space 359424K, 100% used [0x00000000d5580000,0x00000000eb480000,0x00000000eb480000)
  from space 25088K, 94% used [0x00000000ed000000,0x00000000ee71a0c8,0x00000000ee880000)
  to   space 28160K, 0% used [0x00000000eb480000,0x00000000eb480000,0x00000000ed000000)
 ParOldGen       total 96768K, used 53693K [0x0000000080000000, 0x0000000085e80000, 0x00000000d5580000)
  object space 96768K, 55% used [0x0000000080000000,0x000000008346f7e0,0x0000000085e80000)
 Metaspace       used 87941K, capacity 92554K, committed 92848K, reserved 1130496K
  class space    used 11736K, capacity 12636K, committed 12720K, reserved 1048576K
Event: 1072.924 GC heap after
Heap after GC invocations=18 (full 3):
 PSYoungGen      total 359424K, used 14857K [0x00000000d5580000, 0x00000000edb80000, 0x0000000100000000)
  eden space 344064K, 0% used [0x00000000d5580000,0x00000000d5580000,0x00000000ea580000)
  from space 15360K, 96% used [0x00000000eb480000,0x00000000ec302448,0x00000000ec380000)
  to   space 24576K, 0% used [0x00000000ec380000,0x00000000ec380000,0x00000000edb80000)
 ParOldGen       total 96768K, used 53701K [0x0000000080000000, 0x0000000085e80000, 0x00000000d5580000)
  object space 96768K, 55% used [0x0000000080000000,0x00000000834717e0,0x0000000085e80000)
 Metaspace       used 87941K, capacity 92554K, committed 92848K, reserved 1130496K
  class space    used 11736K, capacity 12636K, committed 12720K, reserved 1048576K
}
Event: 1407.021 GC heap before
{Heap before GC invocations=19 (full 3):
 PSYoungGen      total 359424K, used 358921K [0x00000000d5580000, 0x00000000edb80000, 0x0000000100000000)
  eden space 344064K, 100% used [0x00000000d5580000,0x00000000ea580000,0x00000000ea580000)
  from space 15360K, 96% used [0x00000000eb480000,0x00000000ec302448,0x00000000ec380000)
  to   space 24576K, 0% used [0x00000000ec380000,0x00000000ec380000,0x00000000edb80000)
 ParOldGen       total 96768K, used 53701K [0x0000000080000000, 0x0000000085e80000, 0x00000000d5580000)
  object space 96768K, 55% used [0x0000000080000000,0x00000000834717e0,0x0000000085e80000)
 Metaspace       used 88688K, capacity 93520K, committed 93616K, reserved 1130496K
  class space    used 11763K, capacity 12683K, committed 12720K, reserved 1048576K
Event: 1407.063 GC heap after
Heap after GC invocations=19 (full 3):
 PSYoungGen      total 353792K, used 24548K [0x00000000d5580000, 0x00000000edb80000, 0x0000000100000000)
  eden space 329216K, 0% used [0x00000000d5580000,0x00000000d5580000,0x00000000e9700000)
  from space 24576K, 99% used [0x00000000ec380000,0x00000000edb791a8,0x00000000edb80000)
  to   space 34816K, 0% used [0x00000000e9780000,0x00000000e9780000,0x00000000eb980000)
 ParOldGen       total 96768K, used 65156K [0x0000000080000000, 0x0000000085e80000, 0x00000000d5580000)
  object space 96768K, 67% used [0x0000000080000000,0x0000000083fa1088,0x0000000085e80000)
 Metaspace       used 88688K, capacity 93520K, committed 93616K, reserved 1130496K
  class space    used 11763K, capacity 12683K, committed 12720K, reserved 1048576K
}
Event: 1622.757 GC heap before
{Heap before GC invocations=20 (full 3):
 PSYoungGen      total 353792K, used 203414K [0x00000000d5580000, 0x00000000edb80000, 0x0000000100000000)
  eden space 329216K, 54% used [0x00000000d5580000,0x00000000e042c8f8,0x00000000e9700000)
  from space 24576K, 99% used [0x00000000ec380000,0x00000000edb791a8,0x00000000edb80000)
  to   space 34816K, 0% used [0x00000000e9780000,0x00000000e9780000,0x00000000eb980000)
 ParOldGen       total 96768K, used 65156K [0x0000000080000000, 0x0000000085e80000, 0x00000000d5580000)
  object space 96768K, 67% used [0x0000000080000000,0x0000000083fa1088,0x0000000085e80000)
 Metaspace       used 93177K, capacity 98506K, committed 98600K, reserved 1134592K
  class space    used 12265K, capacity 13259K, committed 13352K, reserved 1048576K
Event: 1622.809 GC heap after
Heap after GC invocations=20 (full 3):
 PSYoungGen      total 329728K, used 13844K [0x00000000d5580000, 0x00000000eca80000, 0x0000000100000000)
  eden space 315392K, 0% used [0x00000000d5580000,0x00000000d5580000,0x00000000e8980000)
  from space 14336K, 96% used [0x00000000e9780000,0x00000000ea5052a8,0x00000000ea580000)
  to   space 33280K, 0% used [0x00000000eaa00000,0x00000000eaa00000,0x00000000eca80000)
 ParOldGen       total 96768K, used 70768K [0x0000000080000000, 0x0000000085e80000, 0x00000000d5580000)
  object space 96768K, 73% used [0x0000000080000000,0x000000008451c118,0x0000000085e80000)
 Metaspace       used 93177K, capacity 98506K, committed 98600K, reserved 1134592K
  class space    used 12265K, capacity 13259K, committed 13352K, reserved 1048576K
}
Event: 1622.809 GC heap before
{Heap before GC invocations=21 (full 4):
 PSYoungGen      total 329728K, used 13844K [0x00000000d5580000, 0x00000000eca80000, 0x0000000100000000)
  eden space 315392K, 0% used [0x00000000d5580000,0x00000000d5580000,0x00000000e8980000)
  from space 14336K, 96% used [0x00000000e9780000,0x00000000ea5052a8,0x00000000ea580000)
  to   space 33280K, 0% used [0x00000000eaa00000,0x00000000eaa00000,0x00000000eca80000)
 ParOldGen       total 96768K, used 70768K [0x0000000080000000, 0x0000000085e80000, 0x00000000d5580000)
  object space 96768K, 73% used [0x0000000080000000,0x000000008451c118,0x0000000085e80000)
 Metaspace       used 93177K, capacity 98506K, committed 98600K, reserved 1134592K
  class space    used 12265K, capacity 13259K, committed 13352K, reserved 1048576K
Event: 1623.027 GC heap after
Heap after GC invocations=21 (full 4):
 PSYoungGen      total 329728K, used 0K [0x00000000d5580000, 0x00000000eca80000, 0x0000000100000000)
  eden space 315392K, 0% used [0x00000000d5580000,0x00000000d5580000,0x00000000e8980000)
  from space 14336K, 0% used [0x00000000e9780000,0x00000000e9780000,0x00000000ea580000)
  to   space 33280K, 0% used [0x00000000eaa00000,0x00000000eaa00000,0x00000000eca80000)
 ParOldGen       total 147968K, used 53198K [0x0000000080000000, 0x0000000089080000, 0x00000000d5580000)
  object space 147968K, 35% used [0x0000000080000000,0x00000000833f3ab8,0x0000000089080000)
 Metaspace       used 92999K, capacity 98028K, committed 98600K, reserved 1134592K
  class space    used 12211K, capacity 13170K, committed 13352K, reserved 1048576K
}
Event: 3493.128 GC heap before
{Heap before GC invocations=22 (full 4):
 PSYoungGen      total 329728K, used 315392K [0x00000000d5580000, 0x00000000eca80000, 0x0000000100000000)
  eden space 315392K, 100% used [0x00000000d5580000,0x00000000e8980000,0x00000000e8980000)
  from space 14336K, 0% used [0x00000000e9780000,0x00000000e9780000,0x00000000ea580000)
  to   space 33280K, 0% used [0x00000000eaa00000,0x00000000eaa00000,0x00000000eca80000)
 ParOldGen       total 147968K, used 53198K [0x0000000080000000, 0x0000000089080000, 0x00000000d5580000)
  object space 147968K, 35% used [0x0000000080000000,0x00000000833f3ab8,0x0000000089080000)
 Metaspace       used 101286K, capacity 106976K, committed 107048K, reserved 1142784K
  class space    used 13272K, capacity 14335K, committed 14376K, reserved 1048576K
Event: 3493.272 GC heap after
Heap after GC invocations=22 (full 4):
 PSYoungGen      total 346112K, used 26417K [0x00000000d5580000, 0x00000000ee280000, 0x0000000100000000)
  eden space 312832K, 0% used [0x00000000d5580000,0x00000000d5580000,0x00000000e8700000)
  from space 33280K, 79% used [0x00000000eaa00000,0x00000000ec3cc760,0x00000000eca80000)
  to   space 35840K, 0% used [0x00000000e8700000,0x00000000e8700000,0x00000000eaa00000)
 ParOldGen       total 147968K, used 53206K [0x0000000080000000, 0x0000000089080000, 0x00000000d5580000)
  object space 147968K, 35% used [0x0000000080000000,0x00000000833f5ab8,0x0000000089080000)
 Metaspace       used 101286K, capacity 106976K, committed 107048K, reserved 1142784K
  class space    used 13272K, capacity 14335K, committed 14376K, reserved 1048576K
}

